Name of the selected graph: /content/medical_ner_graphs/blstm_20_200_128_82.pb
Training started - total epochs: 20 - lr: 0.003 - batch size: 32 - labels: 20 - chars: 81 - training examples: 15986


Epoch 1/20 started, lr: 0.003, dataset size: 15986


Epoch 1/20 - 137.49s - loss: 2289.4026 - avg training loss: 5.752268 - batches: 398
Quality on validation dataset (20.0%), validation examples = 3197
time to finish evaluation: 34.28s
Total validation loss: 303.5820	Avg validation loss: 2.9763
label	 tp	 fp	 fn	 prec	 rec	 f1
B-DRUG	 256	 113	 102	 0.69376695	 0.7150838	 0.70426416
B-STRENGTH	 60	 6	 35	 0.90909094	 0.6315789	 0.74534154
I-TREATMENT	 2155	 518	 768	 0.8062103	 0.7372562	 0.770193
I-DURATION	 10	 6	 18	 0.625	 0.35714287	 0.45454547
I-PROBLEM	 4960	 1940	 221	 0.7188406	 0.9573441	 0.82112414
I-STRENGTH	 35	 0	 23	 1.0	 0.6034483	 0.75268817
B-PROBLEM	 2695	 1069	 319	 0.71599364	 0.89416057	 0.7952199
I-FREQUENCY	 34	 22	 24	 0.60714287	 0.5862069	 0.5964912
I-TEST	 436	 24	 703	 0.9478261	 0.38279194	 0.54534084
B-TEST	 302	 18	 665	 0.94375	 0.3123061	 0.4693085
B-TREATMENT	 1388	 516	 522	 0.72899157	 0.72670156	 0.7278447
B-FORM	 5	 0	 20	 1.0	 0.2	 0.3333333
B-DOSAGE	 16	 24	 21	 0.4	 0.43243244	 0.41558442
I-DOSAGE	 17	 21	 14	 0.4473684	 0.5483871	 0.49275362
I-DRUG	 10	 10	 32	 0.5	 0.23809524	 0.32258067
I-ROUTE	 0	 0	 14	 0.0	 0.0	 0.0
B-ROUTE	 31	 3	 30	 0.9117647	 0.5081967	 0.6526315
B-DURATION	 0	 0	 11	 0.0	 0.0	 0.0
B-FREQUENCY	 38	 9	 20	 0.80851066	 0.6551724	 0.7238095
tp: 12448 fp: 4299 fn: 3562 labels: 19
Macro-average	 prec: 0.671803, rec: 0.49927926, f1: 0.57283306
Micro-average	 prec: 0.7432973, rec: 0.77751404, f1: 0.76002073
Quality on test dataset: 
time to finish evaluation: 10.67s
Total test loss: 186.1711	Avg test loss: 3.0028
label	 tp	 fp	 fn	 prec	 rec	 f1
B-DRUG	 159	 62	 51	 0.71945703	 0.75714284	 0.737819
B-STRENGTH	 54	 2	 10	 0.96428573	 0.84375	 0.90000004
I-TREATMENT	 1309	 287	 403	 0.8201754	 0.7646028	 0.79141474
I-DURATION	 4	 0	 7	 1.0	 0.36363637	 0.53333336
I-PROBLEM	 3062	 1147	 150	 0.7274887	 0.9533001	 0.8252257
I-STRENGTH	 27	 1	 6	 0.96428573	 0.8181818	 0.88524586
B-PROBLEM	 1648	 653	 235	 0.71621037	 0.87519914	 0.78776294
I-FREQUENCY	 38	 7	 26	 0.84444445	 0.59375	 0.6972477
I-TEST	 226	 14	 411	 0.94166666	 0.35478806	 0.5153934
B-TEST	 180	 11	 410	 0.9424084	 0.30508474	 0.46094748
B-TREATMENT	 806	 288	 276	 0.7367459	 0.7449168	 0.74080884
B-FORM	 2	 1	 14	 0.6666667	 0.125	 0.21052632
B-DOSAGE	 10	 6	 5	 0.625	 0.6666667	 0.6451613
I-DOSAGE	 9	 6	 2	 0.6	 0.8181818	 0.69230765
I-DRUG	 2	 5	 23	 0.2857143	 0.08	 0.12499999
I-ROUTE	 0	 0	 8	 0.0	 0.0	 0.0
B-ROUTE	 12	 2	 19	 0.85714287	 0.38709676	 0.53333336
B-DURATION	 0	 0	 7	 0.0	 0.0	 0.0
B-FREQUENCY	 57	 8	 9	 0.8769231	 0.8636364	 0.87022907
tp: 7605 fp: 2500 fn: 2072 labels: 19
Macro-average	 prec: 0.6994007, rec: 0.54289126, f1: 0.6112872
Micro-average	 prec: 0.75259775, rec: 0.7858841, f1: 0.7688808


Epoch 2/20 started, lr: 0.0029850747, dataset size: 15986


Epoch 2/20 - 132.49s - loss: 816.9345 - avg training loss: 2.0525992 - batches: 398
Quality on validation dataset (20.0%), validation examples = 3197
time to finish evaluation: 31.61s
Total validation loss: 160.4100	Avg validation loss: 1.5726
label	 tp	 fp	 fn	 prec	 rec	 f1
B-DRUG	 304	 156	 54	 0.66086954	 0.849162	 0.7432763
B-STRENGTH	 88	 11	 7	 0.8888889	 0.9263158	 0.9072165
I-TREATMENT	 2549	 604	 374	 0.8084364	 0.8720493	 0.8390388
I-DURATION	 26	 12	 2	 0.68421054	 0.9285714	 0.7878788
I-PROBLEM	 4467	 295	 714	 0.9380512	 0.86218876	 0.89852154
I-STRENGTH	 56	 6	 2	 0.9032258	 0.9655172	 0.93333334
B-PROBLEM	 2391	 166	 623	 0.9350802	 0.79329795	 0.85837376
I-FREQUENCY	 45	 2	 13	 0.9574468	 0.7758621	 0.85714287
I-TEST	 975	 272	 164	 0.7818765	 0.8560141	 0.8172674
B-TEST	 816	 245	 151	 0.76908576	 0.843847	 0.80473375
B-TREATMENT	 1631	 547	 279	 0.74885213	 0.8539267	 0.7979452
B-FORM	 20	 18	 5	 0.5263158	 0.8	 0.63492066
B-DOSAGE	 23	 0	 14	 1.0	 0.6216216	 0.76666665
I-DOSAGE	 19	 0	 12	 1.0	 0.61290324	 0.76
I-DRUG	 30	 19	 12	 0.6122449	 0.71428573	 0.6593406
I-ROUTE	 14	 1	 0	 0.93333334	 1.0	 0.9655172
B-ROUTE	 49	 0	 12	 1.0	 0.8032787	 0.8909091
B-DURATION	 7	 2	 4	 0.7777778	 0.6363636	 0.7
B-FREQUENCY	 48	 6	 10	 0.8888889	 0.82758623	 0.8571429
tp: 13558 fp: 2362 fn: 2452 labels: 19
Macro-average	 prec: 0.8323465, rec: 0.8180417, f1: 0.8251321
Micro-average	 prec: 0.8516332, rec: 0.84684575, f1: 0.84923273
Quality on test dataset: 
time to finish evaluation: 10.51s
Total test loss: 108.2634	Avg test loss: 1.7462
label	 tp	 fp	 fn	 prec	 rec	 f1
B-DRUG	 178	 74	 32	 0.7063492	 0.84761906	 0.7705628
B-STRENGTH	 63	 8	 1	 0.8873239	 0.984375	 0.93333334
I-TREATMENT	 1535	 338	 177	 0.81954086	 0.89661217	 0.8563459
I-DURATION	 8	 2	 3	 0.8	 0.72727275	 0.76190484
I-PROBLEM	 2704	 175	 508	 0.939215	 0.84184307	 0.88786733
I-STRENGTH	 32	 6	 1	 0.84210527	 0.969697	 0.9014085
B-PROBLEM	 1502	 101	 381	 0.9369931	 0.79766333	 0.86173266
I-FREQUENCY	 49	 4	 15	 0.9245283	 0.765625	 0.83760685
I-TEST	 528	 211	 109	 0.714479	 0.8288854	 0.7674418
B-TEST	 490	 164	 100	 0.74923545	 0.8305085	 0.78778136
B-TREATMENT	 940	 318	 142	 0.74721783	 0.86876154	 0.8034188
B-FORM	 13	 7	 3	 0.65	 0.8125	 0.7222222
B-DOSAGE	 8	 0	 7	 1.0	 0.53333336	 0.69565225
I-DOSAGE	 8	 0	 3	 1.0	 0.72727275	 0.84210527
I-DRUG	 10	 2	 15	 0.8333333	 0.4	 0.5405406
I-ROUTE	 7	 0	 1	 1.0	 0.875	 0.93333334
B-ROUTE	 21	 0	 10	 1.0	 0.67741936	 0.8076923
B-DURATION	 3	 0	 4	 1.0	 0.42857143	 0.59999996
B-FREQUENCY	 60	 2	 6	 0.9677419	 0.90909094	 0.9375
tp: 8159 fp: 1412 fn: 1518 labels: 19
Macro-average	 prec: 0.8693717, rec: 0.77484477, f1: 0.81939095
Micro-average	 prec: 0.852471, rec: 0.8431332, f1: 0.8477764


Epoch 3/20 started, lr: 0.0029702971, dataset size: 15986


Epoch 3/20 - 130.66s - loss: 563.4012 - avg training loss: 1.4155809 - batches: 398
Quality on validation dataset (20.0%), validation examples = 3197
time to finish evaluation: 31.97s
Total validation loss: 119.3091	Avg validation loss: 1.1697
label	 tp	 fp	 fn	 prec	 rec	 f1
B-DRUG	 293	 43	 65	 0.8720238	 0.8184357	 0.84438044
B-STRENGTH	 87	 3	 8	 0.96666664	 0.9157895	 0.94054055
I-TREATMENT	 2652	 656	 271	 0.80169284	 0.90728706	 0.85122776
I-DURATION	 24	 7	 4	 0.7741935	 0.85714287	 0.8135593
I-PROBLEM	 4694	 312	 487	 0.93767476	 0.9060027	 0.92156667
I-STRENGTH	 57	 0	 1	 1.0	 0.98275864	 0.99130434
B-PROBLEM	 2684	 266	 330	 0.9098305	 0.890511	 0.9000671
I-FREQUENCY	 46	 3	 12	 0.93877554	 0.79310346	 0.8598131
I-TEST	 794	 39	 345	 0.95318127	 0.6971027	 0.8052738
B-TEST	 689	 43	 278	 0.9412568	 0.7125129	 0.8110653
B-TREATMENT	 1706	 523	 204	 0.76536566	 0.8931937	 0.82435375
B-FORM	 20	 10	 5	 0.6666667	 0.8	 0.72727275
B-DOSAGE	 29	 0	 8	 1.0	 0.7837838	 0.8787879
I-DOSAGE	 26	 0	 5	 1.0	 0.83870965	 0.91228074
I-DRUG	 26	 3	 16	 0.8965517	 0.61904764	 0.7323944
I-ROUTE	 14	 0	 0	 1.0	 1.0	 1.0
B-ROUTE	 52	 1	 9	 0.9811321	 0.852459	 0.9122807
B-DURATION	 8	 1	 3	 0.8888889	 0.72727275	 0.8
B-FREQUENCY	 51	 6	 7	 0.8947368	 0.87931037	 0.8869566
tp: 13952 fp: 1916 fn: 2058 labels: 19
Macro-average	 prec: 0.9046652, rec: 0.83549607, f1: 0.8687059
Micro-average	 prec: 0.87925386, rec: 0.8714553, f1: 0.87533724
Quality on test dataset: 
time to finish evaluation: 10.15s
Total test loss: 83.5522	Avg test loss: 1.3476
label	 tp	 fp	 fn	 prec	 rec	 f1
B-DRUG	 170	 21	 40	 0.8900524	 0.8095238	 0.8478803
B-STRENGTH	 62	 2	 2	 0.96875	 0.96875	 0.96875
I-TREATMENT	 1577	 368	 135	 0.8107969	 0.92114484	 0.8624556
I-DURATION	 8	 3	 3	 0.72727275	 0.72727275	 0.72727275
I-PROBLEM	 2831	 173	 381	 0.9424101	 0.8813823	 0.9108751
I-STRENGTH	 31	 1	 2	 0.96875	 0.93939394	 0.9538461
B-PROBLEM	 1649	 165	 234	 0.9090408	 0.8757302	 0.8920747
I-FREQUENCY	 48	 2	 16	 0.96	 0.75	 0.8421052
I-TEST	 425	 34	 212	 0.9259259	 0.66718996	 0.77554744
B-TEST	 414	 31	 176	 0.9303371	 0.7016949	 0.8
B-TREATMENT	 977	 341	 105	 0.74127465	 0.9029575	 0.8141667
B-FORM	 14	 5	 2	 0.7368421	 0.875	 0.79999995
B-DOSAGE	 10	 0	 5	 1.0	 0.6666667	 0.8
I-DOSAGE	 10	 0	 1	 1.0	 0.90909094	 0.95238096
I-DRUG	 7	 0	 18	 1.0	 0.28	 0.4375
I-ROUTE	 7	 0	 1	 1.0	 0.875	 0.93333334
B-ROUTE	 26	 0	 5	 1.0	 0.83870965	 0.91228074
B-DURATION	 3	 0	 4	 1.0	 0.42857143	 0.59999996
B-FREQUENCY	 62	 1	 4	 0.984127	 0.93939394	 0.96124035
tp: 8331 fp: 1147 fn: 1346 labels: 19
Macro-average	 prec: 0.92081994, rec: 0.78723544, f1: 0.848804
Micro-average	 prec: 0.8789829, rec: 0.8609073, f1: 0.86985123


Epoch 4/20 started, lr: 0.002955665, dataset size: 15986


Epoch 4/20 - 129.31s - loss: 434.01166 - avg training loss: 1.0904815 - batches: 398
Quality on validation dataset (20.0%), validation examples = 3197
time to finish evaluation: 31.77s
Total validation loss: 93.7353	Avg validation loss: 0.9190
label	 tp	 fp	 fn	 prec	 rec	 f1
B-DRUG	 321	 67	 37	 0.82731956	 0.89664805	 0.86058986
B-STRENGTH	 90	 2	 5	 0.9782609	 0.94736844	 0.96256685
I-TREATMENT	 2582	 355	 341	 0.87912834	 0.88333905	 0.8812287
I-DURATION	 21	 7	 7	 0.75	 0.75	 0.75
I-PROBLEM	 4903	 422	 278	 0.92075115	 0.9463424	 0.9333714
I-STRENGTH	 58	 0	 0	 1.0	 1.0	 1.0
B-PROBLEM	 2765	 265	 249	 0.9125413	 0.9173855	 0.914957
I-FREQUENCY	 48	 1	 10	 0.97959185	 0.82758623	 0.8971963
I-TEST	 954	 113	 185	 0.8940956	 0.8375768	 0.8649138
B-TEST	 810	 88	 157	 0.9020045	 0.8376422	 0.86863273
B-TREATMENT	 1656	 289	 254	 0.8514139	 0.8670157	 0.859144
B-FORM	 19	 5	 6	 0.7916667	 0.76	 0.7755102
B-DOSAGE	 29	 3	 8	 0.90625	 0.7837838	 0.84057975
I-DOSAGE	 27	 1	 4	 0.96428573	 0.87096775	 0.91525424
I-DRUG	 32	 9	 10	 0.7804878	 0.7619048	 0.77108437
I-ROUTE	 14	 0	 0	 1.0	 1.0	 1.0
B-ROUTE	 55	 0	 6	 1.0	 0.90163934	 0.94827586
B-DURATION	 6	 1	 5	 0.85714287	 0.54545456	 0.6666667
B-FREQUENCY	 52	 3	 6	 0.94545454	 0.8965517	 0.920354
tp: 14442 fp: 1631 fn: 1568 labels: 19
Macro-average	 prec: 0.902126, rec: 0.85427403, f1: 0.87754816
Micro-average	 prec: 0.8985255, rec: 0.9020612, f1: 0.9002899
Quality on test dataset: 
time to finish evaluation: 10.38s
Total test loss: 69.9189	Avg test loss: 1.1277
label	 tp	 fp	 fn	 prec	 rec	 f1
B-DRUG	 188	 28	 22	 0.8703704	 0.8952381	 0.8826291
B-STRENGTH	 63	 3	 1	 0.95454544	 0.984375	 0.9692308
I-TREATMENT	 1517	 197	 195	 0.8850642	 0.88609815	 0.8855809
I-DURATION	 7	 1	 4	 0.875	 0.6363636	 0.7368421
I-PROBLEM	 2951	 289	 261	 0.9108025	 0.91874224	 0.9147551
I-STRENGTH	 32	 2	 1	 0.9411765	 0.969697	 0.9552239
B-PROBLEM	 1705	 194	 178	 0.897841	 0.90547	 0.90163934
I-FREQUENCY	 51	 2	 13	 0.9622642	 0.796875	 0.8717949
I-TEST	 522	 79	 115	 0.8685524	 0.81946623	 0.8432957
B-TEST	 489	 57	 101	 0.8956044	 0.82881355	 0.8609155
B-TREATMENT	 937	 172	 145	 0.8449053	 0.8659889	 0.8553172
B-FORM	 13	 1	 3	 0.9285714	 0.8125	 0.8666666
B-DOSAGE	 11	 0	 4	 1.0	 0.73333335	 0.84615386
I-DOSAGE	 10	 0	 1	 1.0	 0.90909094	 0.95238096
I-DRUG	 15	 2	 10	 0.88235295	 0.6	 0.71428573
I-ROUTE	 7	 0	 1	 1.0	 0.875	 0.93333334
B-ROUTE	 27	 0	 4	 1.0	 0.87096775	 0.9310345
B-DURATION	 3	 0	 4	 1.0	 0.42857143	 0.59999996
B-FREQUENCY	 62	 0	 4	 1.0	 0.93939394	 0.96874994
tp: 8610 fp: 1027 fn: 1067 labels: 19
Macro-average	 prec: 0.9324762, rec: 0.82505184, f1: 0.875481
Micro-average	 prec: 0.89343154, rec: 0.88973856, f1: 0.89158124


Epoch 5/20 started, lr: 0.0029411765, dataset size: 15986


Epoch 5/20 - 130.08s - loss: 356.2551 - avg training loss: 0.8951133 - batches: 398
Quality on validation dataset (20.0%), validation examples = 3197
time to finish evaluation: 31.93s
Total validation loss: 94.5808	Avg validation loss: 0.9273
label	 tp	 fp	 fn	 prec	 rec	 f1
B-DRUG	 309	 52	 49	 0.85595566	 0.8631285	 0.8595271
B-STRENGTH	 93	 6	 2	 0.93939394	 0.97894734	 0.9587628
I-TREATMENT	 2480	 286	 443	 0.8966016	 0.8484434	 0.871858
I-DURATION	 28	 6	 0	 0.8235294	 1.0	 0.9032258
I-PROBLEM	 4898	 531	 283	 0.90219194	 0.94537735	 0.92327994
I-STRENGTH	 58	 4	 0	 0.9354839	 1.0	 0.96666664
B-PROBLEM	 2813	 354	 201	 0.8882223	 0.9333112	 0.91020876
I-FREQUENCY	 47	 1	 11	 0.9791667	 0.8103448	 0.8867925
I-TEST	 822	 21	 317	 0.97508895	 0.7216857	 0.82946515
B-TEST	 735	 33	 232	 0.95703125	 0.7600827	 0.8472622
B-TREATMENT	 1646	 315	 264	 0.8393677	 0.8617801	 0.8504262
B-FORM	 22	 6	 3	 0.78571427	 0.88	 0.83018863
B-DOSAGE	 25	 0	 12	 1.0	 0.6756757	 0.8064517
I-DOSAGE	 23	 0	 8	 1.0	 0.7419355	 0.8518519
I-DRUG	 30	 16	 12	 0.65217394	 0.71428573	 0.68181825
I-ROUTE	 14	 0	 0	 1.0	 1.0	 1.0
B-ROUTE	 56	 0	 5	 1.0	 0.91803277	 0.95726496
B-DURATION	 9	 2	 2	 0.8181818	 0.8181818	 0.8181818
B-FREQUENCY	 52	 4	 6	 0.9285714	 0.8965517	 0.91228074
tp: 14160 fp: 1637 fn: 1850 labels: 19
Macro-average	 prec: 0.90403545, rec: 0.8614612, f1: 0.882235
Micro-average	 prec: 0.89637274, rec: 0.8844472, f1: 0.8903701
Quality on test dataset: 
time to finish evaluation: 10.31s
Total test loss: 69.1154	Avg test loss: 1.1148
label	 tp	 fp	 fn	 prec	 rec	 f1
B-DRUG	 184	 19	 26	 0.90640396	 0.8761905	 0.8910412
B-STRENGTH	 63	 3	 1	 0.95454544	 0.984375	 0.9692308
I-TREATMENT	 1467	 170	 245	 0.8961515	 0.8568925	 0.8760824
I-DURATION	 8	 1	 3	 0.8888889	 0.72727275	 0.8
I-PROBLEM	 2936	 328	 276	 0.8995098	 0.9140722	 0.9067326
I-STRENGTH	 32	 1	 1	 0.969697	 0.969697	 0.969697
B-PROBLEM	 1730	 238	 153	 0.87906504	 0.9187467	 0.89846796
I-FREQUENCY	 60	 2	 4	 0.9677419	 0.9375	 0.9523809
I-TEST	 456	 14	 181	 0.97021276	 0.7158556	 0.82384825
B-TEST	 447	 21	 143	 0.9551282	 0.7576271	 0.84499055
B-TREATMENT	 937	 191	 145	 0.83067375	 0.8659889	 0.8479638
B-FORM	 14	 2	 2	 0.875	 0.875	 0.875
B-DOSAGE	 11	 0	 4	 1.0	 0.73333335	 0.84615386
I-DOSAGE	 10	 0	 1	 1.0	 0.90909094	 0.95238096
I-DRUG	 15	 3	 10	 0.8333333	 0.6	 0.6976744
I-ROUTE	 7	 0	 1	 1.0	 0.875	 0.93333334
B-ROUTE	 27	 0	 4	 1.0	 0.87096775	 0.9310345
B-DURATION	 4	 1	 3	 0.8	 0.5714286	 0.6666667
B-FREQUENCY	 63	 2	 3	 0.9692308	 0.95454544	 0.9618321
tp: 8471 fp: 996 fn: 1206 labels: 19
Macro-average	 prec: 0.9260832, rec: 0.8375571, f1: 0.8795983
Micro-average	 prec: 0.89479244, rec: 0.8753746, f1: 0.884977


Epoch 6/20 started, lr: 0.0029268293, dataset size: 15986


Epoch 6/20 - 130.28s - loss: 307.65967 - avg training loss: 0.77301425 - batches: 398
Quality on validation dataset (20.0%), validation examples = 3197
time to finish evaluation: 32.14s
Total validation loss: 85.3060	Avg validation loss: 0.8363
label	 tp	 fp	 fn	 prec	 rec	 f1
B-DRUG	 296	 33	 62	 0.89969605	 0.82681566	 0.8617176
B-STRENGTH	 91	 2	 4	 0.97849464	 0.95789474	 0.9680851
I-TREATMENT	 2598	 342	 325	 0.8836735	 0.88881284	 0.8862357
I-DURATION	 28	 2	 0	 0.93333334	 1.0	 0.9655172
I-PROBLEM	 4846	 451	 335	 0.91485745	 0.93534064	 0.9249857
I-STRENGTH	 58	 3	 0	 0.9508197	 1.0	 0.97478986
B-PROBLEM	 2741	 237	 273	 0.9204164	 0.9094227	 0.91488653
I-FREQUENCY	 55	 3	 3	 0.94827586	 0.94827586	 0.94827586
I-TEST	 1018	 208	 121	 0.8303426	 0.89376646	 0.86088794
B-TEST	 855	 130	 112	 0.8680203	 0.88417786	 0.87602454
B-TREATMENT	 1691	 283	 219	 0.8566363	 0.88534033	 0.8707518
B-FORM	 21	 6	 4	 0.7777778	 0.84	 0.8076922
B-DOSAGE	 29	 1	 8	 0.96666664	 0.7837838	 0.8656717
I-DOSAGE	 26	 0	 5	 1.0	 0.83870965	 0.91228074
I-DRUG	 29	 8	 13	 0.7837838	 0.6904762	 0.73417723
I-ROUTE	 14	 0	 0	 1.0	 1.0	 1.0
B-ROUTE	 58	 0	 3	 1.0	 0.9508197	 0.97478986
B-DURATION	 9	 3	 2	 0.75	 0.8181818	 0.78260875
B-FREQUENCY	 55	 5	 3	 0.9166667	 0.94827586	 0.9322034
tp: 14518 fp: 1717 fn: 1492 labels: 19
Macro-average	 prec: 0.90418214, rec: 0.89474195, f1: 0.89943725
Micro-average	 prec: 0.89424086, rec: 0.90680826, f1: 0.9004807
Quality on test dataset: 
time to finish evaluation: 10.10s
Total test loss: 56.8759	Avg test loss: 0.9174
label	 tp	 fp	 fn	 prec	 rec	 f1
B-DRUG	 179	 13	 31	 0.9322917	 0.85238093	 0.8905473
B-STRENGTH	 63	 3	 1	 0.95454544	 0.984375	 0.9692308
I-TREATMENT	 1564	 174	 148	 0.89988494	 0.9135514	 0.9066667
I-DURATION	 10	 1	 1	 0.90909094	 0.90909094	 0.90909094
I-PROBLEM	 2964	 254	 248	 0.92106897	 0.9227895	 0.9219284
I-STRENGTH	 32	 2	 1	 0.9411765	 0.969697	 0.9552239
B-PROBLEM	 1704	 153	 179	 0.91760904	 0.90493894	 0.91122997
I-FREQUENCY	 57	 4	 7	 0.93442625	 0.890625	 0.91199994
I-TEST	 559	 114	 78	 0.8306092	 0.877551	 0.8534351
B-TEST	 507	 77	 83	 0.8681507	 0.859322	 0.8637138
B-TREATMENT	 969	 167	 113	 0.85299295	 0.8955638	 0.8737601
B-FORM	 13	 2	 3	 0.8666667	 0.8125	 0.83870965
B-DOSAGE	 10	 0	 5	 1.0	 0.6666667	 0.8
I-DOSAGE	 10	 0	 1	 1.0	 0.90909094	 0.95238096
I-DRUG	 17	 0	 8	 1.0	 0.68	 0.80952376
I-ROUTE	 7	 0	 1	 1.0	 0.875	 0.93333334
B-ROUTE	 26	 0	 5	 1.0	 0.83870965	 0.91228074
B-DURATION	 5	 1	 2	 0.8333333	 0.71428573	 0.7692307
B-FREQUENCY	 63	 6	 3	 0.9130435	 0.95454544	 0.9333333
tp: 8759 fp: 971 fn: 918 labels: 19
Macro-average	 prec: 0.9249943, rec: 0.8647729, f1: 0.8938704
Micro-average	 prec: 0.90020555, rec: 0.90513587, f1: 0.90266395


Epoch 7/20 started, lr: 0.0029126215, dataset size: 15986


Epoch 7/20 - 130.26s - loss: 282.01495 - avg training loss: 0.7085803 - batches: 398
Quality on validation dataset (20.0%), validation examples = 3197
time to finish evaluation: 32.31s
Total validation loss: 80.6124	Avg validation loss: 0.7903
label	 tp	 fp	 fn	 prec	 rec	 f1
B-DRUG	 323	 52	 35	 0.8613333	 0.9022346	 0.8813096
B-STRENGTH	 94	 4	 1	 0.9591837	 0.9894737	 0.97409326
I-TREATMENT	 2608	 319	 315	 0.8910147	 0.892234	 0.891624
I-DURATION	 27	 2	 1	 0.9310345	 0.96428573	 0.94736844
I-PROBLEM	 4859	 297	 322	 0.94239724	 0.9378498	 0.940118
I-STRENGTH	 58	 2	 0	 0.96666664	 1.0	 0.9830508
B-PROBLEM	 2745	 190	 269	 0.93526405	 0.91074985	 0.92284423
I-FREQUENCY	 53	 1	 5	 0.9814815	 0.9137931	 0.94642854
I-TEST	 1015	 192	 124	 0.8409279	 0.8911326	 0.8653027
B-TEST	 853	 119	 114	 0.877572	 0.88210964	 0.87983495
B-TREATMENT	 1693	 280	 217	 0.85808414	 0.8863874	 0.8720062
B-FORM	 21	 2	 4	 0.9130435	 0.84	 0.875
B-DOSAGE	 27	 4	 10	 0.87096775	 0.7297297	 0.7941176
I-DOSAGE	 25	 2	 6	 0.9259259	 0.8064516	 0.862069
I-DRUG	 35	 22	 7	 0.61403507	 0.8333333	 0.70707065
I-ROUTE	 14	 1	 0	 0.93333334	 1.0	 0.9655172
B-ROUTE	 60	 1	 1	 0.9836066	 0.9836066	 0.9836066
B-DURATION	 8	 2	 3	 0.8	 0.72727275	 0.76190484
B-FREQUENCY	 54	 4	 4	 0.9310345	 0.9310345	 0.9310345
tp: 14572 fp: 1496 fn: 1438 labels: 19
Macro-average	 prec: 0.89562654, rec: 0.89587784, f1: 0.8957522
Micro-average	 prec: 0.9068957, rec: 0.91018116, f1: 0.9085354
Quality on test dataset: 
time to finish evaluation: 10.16s
Total test loss: 62.9354	Avg test loss: 1.0151
label	 tp	 fp	 fn	 prec	 rec	 f1
B-DRUG	 191	 27	 19	 0.8761468	 0.9095238	 0.8925234
B-STRENGTH	 63	 3	 1	 0.95454544	 0.984375	 0.9692308
I-TREATMENT	 1546	 176	 166	 0.8977933	 0.90303737	 0.90040773
I-DURATION	 8	 0	 3	 1.0	 0.72727275	 0.84210527
I-PROBLEM	 2901	 178	 311	 0.94218904	 0.9031756	 0.92226994
I-STRENGTH	 32	 2	 1	 0.9411765	 0.969697	 0.9552239
B-PROBLEM	 1689	 129	 194	 0.9290429	 0.8969729	 0.9127263
I-FREQUENCY	 50	 1	 14	 0.98039216	 0.78125	 0.8695652
I-TEST	 566	 120	 71	 0.8250729	 0.88854	 0.8556312
B-TEST	 509	 75	 81	 0.87157536	 0.86271185	 0.8671209
B-TREATMENT	 964	 186	 118	 0.8382609	 0.8909427	 0.8637993
B-FORM	 13	 1	 3	 0.9285714	 0.8125	 0.8666666
B-DOSAGE	 10	 0	 5	 1.0	 0.6666667	 0.8
I-DOSAGE	 10	 0	 1	 1.0	 0.90909094	 0.95238096
I-DRUG	 20	 6	 5	 0.7692308	 0.8	 0.78431374
I-ROUTE	 7	 0	 1	 1.0	 0.875	 0.93333334
B-ROUTE	 27	 3	 4	 0.9	 0.87096775	 0.88524586
B-DURATION	 5	 0	 2	 1.0	 0.71428573	 0.8333334
B-FREQUENCY	 62	 3	 4	 0.95384616	 0.93939394	 0.94656485
tp: 8673 fp: 910 fn: 1004 labels: 19
Macro-average	 prec: 0.9267286, rec: 0.8581792, f1: 0.8911376
Micro-average	 prec: 0.9050402, rec: 0.8962488, f1: 0.900623


Epoch 8/20 started, lr: 0.0028985508, dataset size: 15986


Epoch 8/20 - 129.86s - loss: 242.68492 - avg training loss: 0.6097611 - batches: 398
Quality on validation dataset (20.0%), validation examples = 3197
time to finish evaluation: 31.85s
Total validation loss: 80.2116	Avg validation loss: 0.7864
label	 tp	 fp	 fn	 prec	 rec	 f1
B-DRUG	 326	 67	 32	 0.82951653	 0.91061455	 0.86817575
B-STRENGTH	 93	 7	 2	 0.93	 0.97894734	 0.9538461
I-TREATMENT	 2632	 340	 291	 0.8855989	 0.90044475	 0.89296013
I-DURATION	 28	 7	 0	 0.8	 1.0	 0.88888896
I-PROBLEM	 4852	 330	 329	 0.93631804	 0.93649876	 0.9364084
I-STRENGTH	 57	 5	 1	 0.91935486	 0.98275864	 0.95000005
B-PROBLEM	 2762	 221	 252	 0.9259135	 0.9163902	 0.9211272
I-FREQUENCY	 50	 1	 8	 0.98039216	 0.86206895	 0.9174312
I-TEST	 984	 182	 155	 0.8439108	 0.86391574	 0.8537961
B-TEST	 823	 87	 144	 0.9043956	 0.85108584	 0.87693125
B-TREATMENT	 1697	 269	 213	 0.86317396	 0.8884817	 0.87564504
B-FORM	 23	 9	 2	 0.71875	 0.92	 0.8070175
B-DOSAGE	 26	 0	 11	 1.0	 0.7027027	 0.8253968
I-DOSAGE	 24	 0	 7	 1.0	 0.7741935	 0.8727273
I-DRUG	 33	 15	 9	 0.6875	 0.78571427	 0.7333333
I-ROUTE	 14	 0	 0	 1.0	 1.0	 1.0
B-ROUTE	 58	 0	 3	 1.0	 0.9508197	 0.97478986
B-DURATION	 9	 3	 2	 0.75	 0.8181818	 0.78260875
B-FREQUENCY	 53	 2	 5	 0.96363634	 0.9137931	 0.938053
tp: 14544 fp: 1545 fn: 1466 labels: 19
Macro-average	 prec: 0.89149797, rec: 0.89245325, f1: 0.89197534
Micro-average	 prec: 0.9039717, rec: 0.90843225, f1: 0.9061965
Quality on test dataset: 
time to finish evaluation: 10.25s
Total test loss: 61.6183	Avg test loss: 0.9938
label	 tp	 fp	 fn	 prec	 rec	 f1
B-DRUG	 190	 33	 20	 0.85201794	 0.9047619	 0.8775981
B-STRENGTH	 63	 4	 1	 0.9402985	 0.984375	 0.961832
I-TREATMENT	 1562	 171	 150	 0.9013272	 0.9123832	 0.9068215
I-DURATION	 8	 1	 3	 0.8888889	 0.72727275	 0.8
I-PROBLEM	 2934	 178	 278	 0.9428021	 0.9134496	 0.92789376
I-STRENGTH	 32	 2	 1	 0.9411765	 0.969697	 0.9552239
B-PROBLEM	 1719	 132	 164	 0.9286872	 0.9129049	 0.92072845
I-FREQUENCY	 52	 0	 12	 1.0	 0.8125	 0.8965517
I-TEST	 547	 84	 90	 0.866878	 0.85871273	 0.862776
B-TEST	 490	 56	 100	 0.8974359	 0.8305085	 0.8626761
B-TREATMENT	 970	 173	 112	 0.8486439	 0.896488	 0.8719101
B-FORM	 13	 2	 3	 0.8666667	 0.8125	 0.83870965
B-DOSAGE	 10	 2	 5	 0.8333333	 0.6666667	 0.7407408
I-DOSAGE	 10	 2	 1	 0.8333333	 0.90909094	 0.8695652
I-DRUG	 17	 4	 8	 0.8095238	 0.68	 0.7391304
I-ROUTE	 7	 0	 1	 1.0	 0.875	 0.93333334
B-ROUTE	 27	 2	 4	 0.9310345	 0.87096775	 0.9000001
B-DURATION	 4	 0	 3	 1.0	 0.5714286	 0.72727275
B-FREQUENCY	 63	 2	 3	 0.9692308	 0.95454544	 0.9618321
tp: 8718 fp: 848 fn: 959 labels: 19
Macro-average	 prec: 0.907962, rec: 0.84543437, f1: 0.8755833
Micro-average	 prec: 0.9113527, rec: 0.90089905, f1: 0.9060957
Early stopping: test set macro F1 has not improved for more than 5 epochs
