Name of the selected graph: /content/medical_ner_graphs/blstm_20_200_24_82.pb
Training started - total epochs: 30 - lr: 0.003 - batch size: 16 - labels: 20 - chars: 81 - training examples: 15986


Epoch 1/30 started, lr: 0.003, dataset size: 15986


Epoch 1/30 - 86.05s - loss: 5475.719 - avg training loss: 6.879044 - batches: 796
Quality on validation dataset (20.0%), validation examples = 3197
time to finish evaluation: 28.57s
Total validation loss: 507.3801	Avg validation loss: 2.4872
label	 tp	 fp	 fn	 prec	 rec	 f1
B-DRUG	 226	 196	 132	 0.53554505	 0.6312849	 0.5794872
B-STRENGTH	 82	 56	 13	 0.5942029	 0.86315787	 0.7038626
I-TREATMENT	 2228	 749	 695	 0.74840444	 0.7622306	 0.7552542
I-DURATION	 0	 0	 28	 0.0	 0.0	 0.0
I-PROBLEM	 4397	 814	 784	 0.84379196	 0.8486779	 0.8462278
I-STRENGTH	 54	 24	 4	 0.6923077	 0.9310345	 0.7941176
B-PROBLEM	 2483	 676	 531	 0.78600824	 0.82382214	 0.8044711
I-FREQUENCY	 7	 0	 51	 1.0	 0.12068965	 0.21538462
I-TEST	 488	 45	 651	 0.9155722	 0.428446	 0.583732
B-TEST	 337	 46	 630	 0.87989557	 0.34850052	 0.49925926
B-TREATMENT	 1475	 870	 435	 0.62899786	 0.7722513	 0.693302
B-FORM	 4	 3	 21	 0.5714286	 0.16	 0.24999999
B-DOSAGE	 0	 0	 37	 0.0	 0.0	 0.0
I-DOSAGE	 0	 0	 31	 0.0	 0.0	 0.0
I-DRUG	 4	 7	 38	 0.36363637	 0.0952381	 0.1509434
I-ROUTE	 0	 0	 14	 0.0	 0.0	 0.0
B-ROUTE	 3	 3	 58	 0.5	 0.04918033	 0.08955224
B-DURATION	 0	 0	 11	 0.0	 0.0	 0.0
B-FREQUENCY	 21	 14	 37	 0.6	 0.36206895	 0.4516129
tp: 11809 fp: 3503 fn: 4201 labels: 19
Macro-average	 prec: 0.50841004, rec: 0.37876752, f1: 0.43411648
Micro-average	 prec: 0.77122515, rec: 0.7376015, f1: 0.75403863
Quality on test dataset: 
time to finish evaluation: 7.81s
Total test loss: 319.2689	Avg test loss: 2.5957
label	 tp	 fp	 fn	 prec	 rec	 f1
B-DRUG	 138	 125	 72	 0.5247148	 0.6571429	 0.5835095
B-STRENGTH	 58	 39	 6	 0.5979381	 0.90625	 0.72049695
I-TREATMENT	 1353	 455	 359	 0.7483407	 0.79030377	 0.76874995
I-DURATION	 0	 0	 11	 0.0	 0.0	 0.0
I-PROBLEM	 2655	 481	 557	 0.8466199	 0.8265878	 0.8364839
I-STRENGTH	 31	 18	 2	 0.63265306	 0.93939394	 0.75609756
B-PROBLEM	 1529	 439	 354	 0.77693087	 0.8120021	 0.7940794
I-FREQUENCY	 11	 0	 53	 1.0	 0.171875	 0.29333332
I-TEST	 232	 11	 405	 0.95473254	 0.3642072	 0.52727276
B-TEST	 192	 22	 398	 0.89719623	 0.32542372	 0.4776119
B-TREATMENT	 858	 504	 224	 0.62995595	 0.79297596	 0.70212764
B-FORM	 1	 2	 15	 0.33333334	 0.0625	 0.10526316
B-DOSAGE	 0	 0	 15	 0.0	 0.0	 0.0
I-DOSAGE	 0	 0	 11	 0.0	 0.0	 0.0
I-DRUG	 1	 3	 24	 0.25	 0.04	 0.06896552
I-ROUTE	 0	 0	 8	 0.0	 0.0	 0.0
B-ROUTE	 3	 4	 28	 0.42857143	 0.09677419	 0.15789475
B-DURATION	 0	 0	 7	 0.0	 0.0	 0.0
B-FREQUENCY	 29	 3	 37	 0.90625	 0.43939394	 0.5918367
tp: 7091 fp: 2106 fn: 2586 labels: 19
Macro-average	 prec: 0.50143355, rec: 0.38025424, f1: 0.43251646
Micro-average	 prec: 0.7710123, rec: 0.7327684, f1: 0.75140405


Epoch 2/30 started, lr: 0.0029850747, dataset size: 15986


Epoch 2/30 - 82.75s - loss: 2204.016 - avg training loss: 2.7688644 - batches: 796
Quality on validation dataset (20.0%), validation examples = 3197
time to finish evaluation: 27.71s
Total validation loss: 335.8431	Avg validation loss: 1.6463
label	 tp	 fp	 fn	 prec	 rec	 f1
B-DRUG	 207	 58	 151	 0.7811321	 0.57821226	 0.66452646
B-STRENGTH	 83	 27	 12	 0.75454545	 0.8736842	 0.80975616
I-TREATMENT	 2479	 629	 444	 0.79761904	 0.84810126	 0.8220859
I-DURATION	 4	 1	 24	 0.8	 0.14285715	 0.24242426
I-PROBLEM	 4797	 943	 384	 0.8357143	 0.92588305	 0.8784909
I-STRENGTH	 56	 20	 2	 0.7368421	 0.9655172	 0.83582085
B-PROBLEM	 2645	 596	 369	 0.81610614	 0.87757134	 0.84572345
I-FREQUENCY	 32	 2	 26	 0.9411765	 0.55172414	 0.6956521
I-TEST	 714	 99	 425	 0.8782288	 0.6268657	 0.73155737
B-TEST	 566	 65	 401	 0.8969889	 0.5853154	 0.70838547
B-TREATMENT	 1584	 574	 326	 0.73401296	 0.82931936	 0.778761
B-FORM	 16	 16	 9	 0.5	 0.64	 0.5614035
B-DOSAGE	 1	 0	 36	 1.0	 0.027027028	 0.05263158
I-DOSAGE	 1	 0	 30	 1.0	 0.032258064	 0.0625
I-DRUG	 4	 2	 38	 0.6666667	 0.0952381	 0.16666667
I-ROUTE	 0	 0	 14	 0.0	 0.0	 0.0
B-ROUTE	 30	 4	 31	 0.88235295	 0.4918033	 0.6315789
B-DURATION	 0	 0	 11	 0.0	 0.0	 0.0
B-FREQUENCY	 32	 9	 26	 0.7804878	 0.55172414	 0.6464646
tp: 13251 fp: 3045 fn: 2759 labels: 19
Macro-average	 prec: 0.72641444, rec: 0.50753164, f1: 0.5975598
Micro-average	 prec: 0.8131443, rec: 0.8276702, f1: 0.820343
Quality on test dataset: 
time to finish evaluation: 7.67s
Total test loss: 210.8317	Avg test loss: 1.7141
label	 tp	 fp	 fn	 prec	 rec	 f1
B-DRUG	 131	 39	 79	 0.7705882	 0.6238095	 0.6894737
B-STRENGTH	 62	 16	 2	 0.7948718	 0.96875	 0.8732394
I-TREATMENT	 1482	 387	 230	 0.7929374	 0.86565423	 0.82770175
I-DURATION	 3	 0	 8	 1.0	 0.27272728	 0.42857146
I-PROBLEM	 2915	 562	 297	 0.8383664	 0.90753424	 0.8715802
I-STRENGTH	 31	 8	 2	 0.7948718	 0.93939394	 0.8611111
B-PROBLEM	 1620	 355	 263	 0.8202532	 0.8603293	 0.83981335
I-FREQUENCY	 43	 3	 21	 0.9347826	 0.671875	 0.78181815
I-TEST	 363	 45	 274	 0.8897059	 0.56985873	 0.6947368
B-TEST	 350	 26	 240	 0.93085104	 0.59322035	 0.7246376
B-TREATMENT	 907	 358	 175	 0.7169961	 0.8382625	 0.77290165
B-FORM	 10	 19	 6	 0.3448276	 0.625	 0.44444448
B-DOSAGE	 3	 1	 12	 0.75	 0.2	 0.3157895
I-DOSAGE	 3	 0	 8	 1.0	 0.27272728	 0.42857146
I-DRUG	 2	 2	 23	 0.5	 0.08	 0.13793103
I-ROUTE	 0	 0	 8	 0.0	 0.0	 0.0
B-ROUTE	 12	 3	 19	 0.8	 0.38709676	 0.5217391
B-DURATION	 0	 0	 7	 0.0	 0.0	 0.0
B-FREQUENCY	 35	 3	 31	 0.92105263	 0.530303	 0.67307687
tp: 7972 fp: 1827 fn: 1705 labels: 19
Macro-average	 prec: 0.71579504, rec: 0.5371864, f1: 0.61376065
Micro-average	 prec: 0.8135524, rec: 0.823809, f1: 0.8186486


Epoch 3/30 started, lr: 0.0029702971, dataset size: 15986


Epoch 3/30 - 81.55s - loss: 1616.1469 - avg training loss: 2.0303352 - batches: 796
Quality on validation dataset (20.0%), validation examples = 3197
time to finish evaluation: 27.34s
Total validation loss: 251.2039	Avg validation loss: 1.2314
label	 tp	 fp	 fn	 prec	 rec	 f1
B-DRUG	 245	 62	 113	 0.7980456	 0.6843575	 0.7368421
B-STRENGTH	 85	 21	 10	 0.8018868	 0.8947368	 0.84577113
I-TREATMENT	 2420	 348	 503	 0.8742775	 0.8279165	 0.85046566
I-DURATION	 9	 10	 19	 0.47368422	 0.32142857	 0.3829787
I-PROBLEM	 4783	 657	 398	 0.87922794	 0.9231809	 0.9006685
I-STRENGTH	 55	 14	 3	 0.79710144	 0.94827586	 0.86614174
B-PROBLEM	 2719	 490	 295	 0.84730446	 0.90212345	 0.8738551
I-FREQUENCY	 32	 3	 26	 0.9142857	 0.55172414	 0.68817204
I-TEST	 852	 102	 287	 0.8930818	 0.7480246	 0.8141424
B-TEST	 720	 84	 247	 0.8955224	 0.74457085	 0.8130999
B-TREATMENT	 1574	 388	 336	 0.80224264	 0.82408375	 0.81301653
B-FORM	 17	 18	 8	 0.4857143	 0.68	 0.5666667
B-DOSAGE	 6	 1	 31	 0.85714287	 0.16216215	 0.27272728
I-DOSAGE	 6	 1	 25	 0.85714287	 0.19354838	 0.3157895
I-DRUG	 10	 3	 32	 0.7692308	 0.23809524	 0.36363637
I-ROUTE	 14	 0	 0	 1.0	 1.0	 1.0
B-ROUTE	 45	 5	 16	 0.9	 0.73770493	 0.8108108
B-DURATION	 2	 1	 9	 0.6666667	 0.18181819	 0.2857143
B-FREQUENCY	 36	 4	 22	 0.9	 0.62068963	 0.7346938
tp: 13630 fp: 2212 fn: 2380 labels: 19
Macro-average	 prec: 0.81118715, rec: 0.6412864, f1: 0.7162999
Micro-average	 prec: 0.8603712, rec: 0.8513429, f1: 0.8558333
Quality on test dataset: 
time to finish evaluation: 7.62s
Total test loss: 165.8120	Avg test loss: 1.3481
label	 tp	 fp	 fn	 prec	 rec	 f1
B-DRUG	 151	 38	 59	 0.7989418	 0.7190476	 0.75689226
B-STRENGTH	 62	 14	 2	 0.81578946	 0.96875	 0.88571423
I-TREATMENT	 1421	 209	 291	 0.87177914	 0.83002335	 0.850389
I-DURATION	 2	 0	 9	 1.0	 0.18181819	 0.3076923
I-PROBLEM	 2858	 414	 354	 0.87347186	 0.88978827	 0.88155454
I-STRENGTH	 32	 7	 1	 0.82051283	 0.969697	 0.8888889
B-PROBLEM	 1672	 338	 211	 0.8318408	 0.88794476	 0.8589777
I-FREQUENCY	 42	 0	 22	 1.0	 0.65625	 0.7924528
I-TEST	 450	 81	 187	 0.84745765	 0.7064364	 0.770548
B-TEST	 422	 59	 168	 0.8773389	 0.71525425	 0.78804857
B-TREATMENT	 871	 229	 211	 0.7918182	 0.80499077	 0.7983502
B-FORM	 11	 5	 5	 0.6875	 0.6875	 0.6875
B-DOSAGE	 2	 4	 13	 0.33333334	 0.13333334	 0.1904762
I-DOSAGE	 2	 4	 9	 0.33333334	 0.18181819	 0.23529413
I-DRUG	 4	 1	 21	 0.8	 0.16	 0.26666668
I-ROUTE	 7	 0	 1	 1.0	 0.875	 0.93333334
B-ROUTE	 20	 4	 11	 0.8333333	 0.6451613	 0.7272727
B-DURATION	 1	 0	 6	 1.0	 0.14285715	 0.25
B-FREQUENCY	 57	 2	 9	 0.9661017	 0.8636364	 0.912
tp: 8087 fp: 1409 fn: 1590 labels: 19
Macro-average	 prec: 0.8148712, rec: 0.63259506, f1: 0.7122563
Micro-average	 prec: 0.85162175, rec: 0.8356929, f1: 0.84358215


Epoch 4/30 started, lr: 0.002955665, dataset size: 15986


Epoch 4/30 - 81.39s - loss: 1363.462 - avg training loss: 1.712892 - batches: 796
Quality on validation dataset (20.0%), validation examples = 3197
time to finish evaluation: 27.39s
Total validation loss: 227.5405	Avg validation loss: 1.1154
label	 tp	 fp	 fn	 prec	 rec	 f1
B-DRUG	 281	 96	 77	 0.7453581	 0.7849162	 0.76462585
B-STRENGTH	 81	 13	 14	 0.86170214	 0.85263157	 0.8571428
I-TREATMENT	 2659	 747	 264	 0.78068113	 0.90968186	 0.84025913
I-DURATION	 20	 5	 8	 0.8	 0.71428573	 0.754717
I-PROBLEM	 4767	 676	 414	 0.87580377	 0.92009264	 0.89740205
I-STRENGTH	 49	 7	 9	 0.875	 0.8448276	 0.85964906
B-PROBLEM	 2625	 342	 389	 0.88473207	 0.8709356	 0.8777796
I-FREQUENCY	 47	 8	 11	 0.8545455	 0.8103448	 0.83185846
I-TEST	 825	 109	 314	 0.8832976	 0.7243196	 0.7959479
B-TEST	 716	 72	 251	 0.9086294	 0.74043435	 0.8159544
B-TREATMENT	 1637	 499	 273	 0.7663858	 0.85706806	 0.80919427
B-FORM	 18	 10	 7	 0.64285713	 0.72	 0.67924535
B-DOSAGE	 14	 15	 23	 0.4827586	 0.3783784	 0.4242424
I-DOSAGE	 14	 16	 17	 0.46666667	 0.4516129	 0.4590164
I-DRUG	 13	 9	 29	 0.59090906	 0.30952382	 0.40625
I-ROUTE	 14	 1	 0	 0.93333334	 1.0	 0.9655172
B-ROUTE	 47	 1	 14	 0.9791667	 0.7704918	 0.86238533
B-DURATION	 5	 3	 6	 0.625	 0.45454547	 0.52631575
B-FREQUENCY	 45	 8	 13	 0.8490566	 0.7758621	 0.8108108
tp: 13877 fp: 2637 fn: 2133 labels: 19
Macro-average	 prec: 0.779257, rec: 0.73105, f1: 0.75438416
Micro-average	 prec: 0.8403173, rec: 0.86677074, f1: 0.8533391
Quality on test dataset: 
time to finish evaluation: 7.64s
Total test loss: 150.7317	Avg test loss: 1.2255
label	 tp	 fp	 fn	 prec	 rec	 f1
B-DRUG	 173	 56	 37	 0.75545853	 0.8238095	 0.7881549
B-STRENGTH	 62	 8	 2	 0.8857143	 0.96875	 0.92537314
I-TREATMENT	 1588	 419	 124	 0.7912307	 0.9275701	 0.85399306
I-DURATION	 6	 0	 5	 1.0	 0.54545456	 0.7058824
I-PROBLEM	 2854	 373	 358	 0.88441277	 0.88854295	 0.88647306
I-STRENGTH	 31	 5	 2	 0.8611111	 0.93939394	 0.8985507
B-PROBLEM	 1608	 202	 275	 0.8883978	 0.85395646	 0.87083673
I-FREQUENCY	 48	 5	 16	 0.9056604	 0.75	 0.82051283
I-TEST	 455	 104	 182	 0.81395346	 0.71428573	 0.7608695
B-TEST	 427	 53	 163	 0.88958335	 0.72372884	 0.7981308
B-TREATMENT	 950	 295	 132	 0.7630522	 0.8780037	 0.816502
B-FORM	 11	 5	 5	 0.6875	 0.6875	 0.6875
B-DOSAGE	 7	 3	 8	 0.7	 0.46666667	 0.56
I-DOSAGE	 8	 3	 3	 0.72727275	 0.72727275	 0.72727275
I-DRUG	 3	 0	 22	 1.0	 0.12	 0.2142857
I-ROUTE	 7	 0	 1	 1.0	 0.875	 0.93333334
B-ROUTE	 22	 1	 9	 0.95652175	 0.7096774	 0.81481475
B-DURATION	 3	 0	 4	 1.0	 0.42857143	 0.59999996
B-FREQUENCY	 59	 4	 7	 0.93650794	 0.8939394	 0.9147287
tp: 8322 fp: 1536 fn: 1355 labels: 19
Macro-average	 prec: 0.8655988, rec: 0.7327434, f1: 0.79364955
Micro-average	 prec: 0.84418744, rec: 0.85997725, f1: 0.8520092


Epoch 5/30 started, lr: 0.0029411765, dataset size: 15986


Epoch 5/30 - 81.31s - loss: 1230.5801 - avg training loss: 1.5459548 - batches: 796
Quality on validation dataset (20.0%), validation examples = 3197
time to finish evaluation: 27.50s
Total validation loss: 200.7477	Avg validation loss: 0.9841
label	 tp	 fp	 fn	 prec	 rec	 f1
B-DRUG	 279	 80	 79	 0.7771588	 0.7793296	 0.7782427
B-STRENGTH	 81	 9	 14	 0.9	 0.85263157	 0.8756756
I-TREATMENT	 2550	 466	 373	 0.8454907	 0.8723914	 0.85873044
I-DURATION	 16	 12	 12	 0.5714286	 0.5714286	 0.5714286
I-PROBLEM	 4663	 358	 518	 0.92869943	 0.9000193	 0.91413444
I-STRENGTH	 48	 5	 10	 0.9056604	 0.82758623	 0.86486495
B-PROBLEM	 2642	 268	 372	 0.9079038	 0.876576	 0.8919649
I-FREQUENCY	 40	 6	 18	 0.8695652	 0.6896552	 0.7692308
I-TEST	 1005	 286	 134	 0.7784663	 0.88235295	 0.8271605
B-TEST	 837	 186	 130	 0.8181818	 0.8655636	 0.841206
B-TREATMENT	 1613	 359	 297	 0.8179513	 0.8445026	 0.831015
B-FORM	 19	 16	 6	 0.54285717	 0.76	 0.6333333
B-DOSAGE	 18	 9	 19	 0.6666667	 0.4864865	 0.5625
I-DOSAGE	 18	 9	 13	 0.6666667	 0.58064514	 0.62068963
I-DRUG	 15	 7	 27	 0.6818182	 0.35714287	 0.46875003
I-ROUTE	 14	 1	 0	 0.93333334	 1.0	 0.9655172
B-ROUTE	 41	 2	 20	 0.95348835	 0.6721311	 0.78846157
B-DURATION	 4	 4	 7	 0.5	 0.36363637	 0.42105263
B-FREQUENCY	 46	 14	 12	 0.76666665	 0.79310346	 0.77966106
tp: 13949 fp: 2097 fn: 2061 labels: 19
Macro-average	 prec: 0.7806318, rec: 0.7355359, f1: 0.7574132
Micro-average	 prec: 0.86931324, rec: 0.871268, f1: 0.8702895
Quality on test dataset: 
time to finish evaluation: 7.45s
Total test loss: 136.4559	Avg test loss: 1.1094
label	 tp	 fp	 fn	 prec	 rec	 f1
B-DRUG	 178	 40	 32	 0.8165138	 0.84761906	 0.8317757
B-STRENGTH	 61	 7	 3	 0.89705884	 0.953125	 0.92424244
I-TREATMENT	 1523	 253	 189	 0.857545	 0.8896028	 0.8732798
I-DURATION	 5	 1	 6	 0.8333333	 0.45454547	 0.5882353
I-PROBLEM	 2799	 217	 413	 0.9280504	 0.87141967	 0.89884394
I-STRENGTH	 30	 3	 3	 0.90909094	 0.90909094	 0.90909094
B-PROBLEM	 1640	 163	 243	 0.90959513	 0.87095064	 0.8898536
I-FREQUENCY	 48	 1	 16	 0.97959185	 0.75	 0.8495575
I-TEST	 551	 191	 86	 0.7425876	 0.86499214	 0.7991298
B-TEST	 496	 120	 94	 0.8051948	 0.840678	 0.8225538
B-TREATMENT	 928	 208	 154	 0.8169014	 0.85767096	 0.83678985
B-FORM	 11	 7	 5	 0.6111111	 0.6875	 0.6470588
B-DOSAGE	 7	 2	 8	 0.7777778	 0.46666667	 0.5833333
I-DOSAGE	 7	 2	 4	 0.7777778	 0.6363636	 0.7
I-DRUG	 6	 3	 19	 0.6666667	 0.24	 0.35294116
I-ROUTE	 7	 0	 1	 1.0	 0.875	 0.93333334
B-ROUTE	 21	 2	 10	 0.9130435	 0.67741936	 0.77777773
B-DURATION	 2	 1	 5	 0.6666667	 0.2857143	 0.4
B-FREQUENCY	 61	 2	 5	 0.96825397	 0.92424244	 0.94573647
tp: 8381 fp: 1223 fn: 1296 labels: 19
Macro-average	 prec: 0.8356189, rec: 0.7317158, f1: 0.7802233
Micro-average	 prec: 0.87265724, rec: 0.8660742, f1: 0.8693533


Epoch 6/30 started, lr: 0.0029268293, dataset size: 15986


Epoch 6/30 - 81.26s - loss: 1134.3027 - avg training loss: 1.4250034 - batches: 796
Quality on validation dataset (20.0%), validation examples = 3197
time to finish evaluation: 27.47s
Total validation loss: 203.9978	Avg validation loss: 1.0000
label	 tp	 fp	 fn	 prec	 rec	 f1
B-DRUG	 299	 93	 59	 0.7627551	 0.83519554	 0.7973333
B-STRENGTH	 88	 16	 7	 0.84615386	 0.9263158	 0.8844221
I-TREATMENT	 2394	 314	 529	 0.88404727	 0.8190216	 0.85029304
I-DURATION	 24	 23	 4	 0.5106383	 0.85714287	 0.64
I-PROBLEM	 4886	 874	 295	 0.84826386	 0.9430612	 0.89315414
I-STRENGTH	 54	 8	 4	 0.87096775	 0.9310345	 0.9000001
B-PROBLEM	 2667	 385	 347	 0.8738532	 0.8848706	 0.8793274
I-FREQUENCY	 38	 0	 20	 1.0	 0.6551724	 0.7916667
I-TEST	 905	 120	 234	 0.8829268	 0.7945566	 0.83641404
B-TEST	 800	 99	 167	 0.8898776	 0.8273009	 0.85744905
B-TREATMENT	 1579	 335	 331	 0.8249739	 0.8267016	 0.8258368
B-FORM	 17	 11	 8	 0.60714287	 0.68	 0.6415094
B-DOSAGE	 14	 5	 23	 0.7368421	 0.3783784	 0.5
I-DOSAGE	 14	 5	 17	 0.7368421	 0.4516129	 0.56
I-DRUG	 16	 11	 26	 0.5925926	 0.3809524	 0.46376815
I-ROUTE	 14	 0	 0	 1.0	 1.0	 1.0
B-ROUTE	 49	 2	 12	 0.9607843	 0.8032787	 0.875
B-DURATION	 8	 6	 3	 0.5714286	 0.72727275	 0.64000005
B-FREQUENCY	 45	 8	 13	 0.8490566	 0.7758621	 0.8108108
tp: 13911 fp: 2315 fn: 2099 labels: 19
Macro-average	 prec: 0.8025866, rec: 0.76303846, f1: 0.78231305
Micro-average	 prec: 0.85732776, rec: 0.86889446, f1: 0.86307234
Quality on test dataset: 
time to finish evaluation: 7.44s
Total test loss: 128.8105	Avg test loss: 1.0472
label	 tp	 fp	 fn	 prec	 rec	 f1
B-DRUG	 179	 45	 31	 0.79910713	 0.85238093	 0.8248848
B-STRENGTH	 62	 14	 2	 0.81578946	 0.96875	 0.88571423
I-TREATMENT	 1451	 193	 261	 0.8826034	 0.84754676	 0.86471987
I-DURATION	 7	 1	 4	 0.875	 0.6363636	 0.7368421
I-PROBLEM	 2984	 442	 228	 0.8709866	 0.9290162	 0.899066
I-STRENGTH	 31	 7	 2	 0.81578946	 0.93939394	 0.87323934
B-PROBLEM	 1655	 214	 228	 0.88550025	 0.8789166	 0.8821961
I-FREQUENCY	 48	 2	 16	 0.96	 0.75	 0.8421052
I-TEST	 511	 88	 126	 0.8530885	 0.8021978	 0.82686085
B-TEST	 482	 66	 108	 0.879562	 0.8169491	 0.84710014
B-TREATMENT	 910	 209	 172	 0.8132261	 0.8410351	 0.8268969
B-FORM	 11	 4	 5	 0.73333335	 0.6875	 0.7096774
B-DOSAGE	 2	 0	 13	 1.0	 0.13333334	 0.23529413
I-DOSAGE	 2	 0	 9	 1.0	 0.18181819	 0.3076923
I-DRUG	 7	 0	 18	 1.0	 0.28	 0.4375
I-ROUTE	 7	 0	 1	 1.0	 0.875	 0.93333334
B-ROUTE	 23	 1	 8	 0.9583333	 0.7419355	 0.8363637
B-DURATION	 3	 1	 4	 0.75	 0.42857143	 0.5454545
B-FREQUENCY	 63	 2	 3	 0.9692308	 0.95454544	 0.9618321
tp: 8438 fp: 1289 fn: 1239 labels: 19
Macro-average	 prec: 0.88745, rec: 0.7129081, f1: 0.7906609
Micro-average	 prec: 0.86748224, rec: 0.87196445, f1: 0.8697176


Epoch 7/30 started, lr: 0.0029126215, dataset size: 15986


Epoch 7/30 - 81.39s - loss: 1070.09 - avg training loss: 1.3443341 - batches: 796
Quality on validation dataset (20.0%), validation examples = 3197
time to finish evaluation: 27.52s
Total validation loss: 183.9968	Avg validation loss: 0.9019
label	 tp	 fp	 fn	 prec	 rec	 f1
B-DRUG	 288	 55	 70	 0.83965015	 0.8044693	 0.8216833
B-STRENGTH	 83	 10	 12	 0.8924731	 0.8736842	 0.8829787
I-TREATMENT	 2541	 424	 382	 0.8569983	 0.86931235	 0.8631114
I-DURATION	 13	 1	 15	 0.9285714	 0.4642857	 0.6190476
I-PROBLEM	 4843	 676	 338	 0.87751406	 0.93476164	 0.9052337
I-STRENGTH	 49	 4	 9	 0.9245283	 0.8448276	 0.8828829
B-PROBLEM	 2702	 338	 312	 0.88881576	 0.89648306	 0.89263296
I-FREQUENCY	 43	 4	 15	 0.9148936	 0.7413793	 0.81904763
I-TEST	 905	 103	 234	 0.89781743	 0.7945566	 0.84303683
B-TEST	 786	 83	 181	 0.9044879	 0.8128232	 0.8562091
B-TREATMENT	 1642	 367	 268	 0.8173221	 0.85968584	 0.8379689
B-FORM	 17	 7	 8	 0.7083333	 0.68	 0.6938775
B-DOSAGE	 19	 13	 18	 0.59375	 0.5135135	 0.5507246
I-DOSAGE	 19	 13	 12	 0.59375	 0.61290324	 0.6031746
I-DRUG	 18	 7	 24	 0.72	 0.42857143	 0.53731346
I-ROUTE	 14	 1	 0	 0.93333334	 1.0	 0.9655172
B-ROUTE	 53	 3	 8	 0.9464286	 0.86885244	 0.9059829
B-DURATION	 4	 1	 7	 0.8	 0.36363637	 0.5
B-FREQUENCY	 47	 10	 11	 0.8245614	 0.8103448	 0.81739134
tp: 14086 fp: 2120 fn: 1924 labels: 19
Macro-average	 prec: 0.83490676, rec: 0.7460048, f1: 0.78795606
Micro-average	 prec: 0.86918426, rec: 0.8798251, f1: 0.8744723
Quality on test dataset: 
time to finish evaluation: 7.62s
Total test loss: 123.7538	Avg test loss: 1.0061
label	 tp	 fp	 fn	 prec	 rec	 f1
B-DRUG	 176	 31	 34	 0.85024154	 0.83809525	 0.84412473
B-STRENGTH	 62	 8	 2	 0.8857143	 0.96875	 0.92537314
I-TREATMENT	 1517	 236	 195	 0.8653737	 0.88609815	 0.87561333
I-DURATION	 6	 0	 5	 1.0	 0.54545456	 0.7058824
I-PROBLEM	 2913	 380	 299	 0.8846037	 0.90691155	 0.89561874
I-STRENGTH	 31	 2	 2	 0.93939394	 0.93939394	 0.93939394
B-PROBLEM	 1662	 199	 221	 0.89306825	 0.8826341	 0.8878205
I-FREQUENCY	 48	 1	 16	 0.97959185	 0.75	 0.8495575
I-TEST	 519	 90	 118	 0.8522167	 0.8147567	 0.83306587
B-TEST	 478	 59	 112	 0.89013034	 0.8101695	 0.84826976
B-TREATMENT	 940	 226	 142	 0.80617493	 0.86876154	 0.8362989
B-FORM	 10	 4	 6	 0.71428573	 0.625	 0.6666667
B-DOSAGE	 7	 2	 8	 0.7777778	 0.46666667	 0.5833333
I-DOSAGE	 7	 2	 4	 0.7777778	 0.6363636	 0.7
I-DRUG	 8	 3	 17	 0.72727275	 0.32	 0.44444448
I-ROUTE	 7	 0	 1	 1.0	 0.875	 0.93333334
B-ROUTE	 23	 1	 8	 0.9583333	 0.7419355	 0.8363637
B-DURATION	 3	 0	 4	 1.0	 0.42857143	 0.59999996
B-FREQUENCY	 63	 2	 3	 0.9692308	 0.95454544	 0.9618321
tp: 8480 fp: 1246 fn: 1197 labels: 19
Macro-average	 prec: 0.88269407, rec: 0.75047934, f1: 0.8112349
Micro-average	 prec: 0.87188977, rec: 0.8763046, f1: 0.8740916


Epoch 8/30 started, lr: 0.0028985508, dataset size: 15986


Epoch 8/30 - 81.52s - loss: 1029.0658 - avg training loss: 1.2927963 - batches: 796
Quality on validation dataset (20.0%), validation examples = 3197
time to finish evaluation: 27.43s
Total validation loss: 193.4473	Avg validation loss: 0.9483
label	 tp	 fp	 fn	 prec	 rec	 f1
B-DRUG	 294	 76	 64	 0.7945946	 0.82122904	 0.8076923
B-STRENGTH	 79	 12	 16	 0.8681319	 0.83157897	 0.84946233
I-TREATMENT	 2627	 558	 296	 0.82480377	 0.89873415	 0.86018336
I-DURATION	 27	 11	 1	 0.7105263	 0.96428573	 0.8181818
I-PROBLEM	 4681	 363	 500	 0.9280333	 0.9034935	 0.91559905
I-STRENGTH	 44	 2	 14	 0.95652175	 0.7586207	 0.84615386
B-PROBLEM	 2546	 199	 468	 0.92750454	 0.8447246	 0.8841812
I-FREQUENCY	 48	 3	 10	 0.9411765	 0.82758623	 0.88073397
I-TEST	 910	 119	 229	 0.88435376	 0.79894644	 0.8394834
B-TEST	 801	 97	 166	 0.8919822	 0.82833505	 0.85898125
B-TREATMENT	 1703	 548	 207	 0.75655264	 0.891623	 0.8185532
B-FORM	 17	 5	 8	 0.77272725	 0.68	 0.7234042
B-DOSAGE	 23	 16	 14	 0.5897436	 0.6216216	 0.6052632
I-DOSAGE	 23	 17	 8	 0.575	 0.7419355	 0.6478873
I-DRUG	 17	 6	 25	 0.73913044	 0.4047619	 0.52307695
I-ROUTE	 14	 1	 0	 0.93333334	 1.0	 0.9655172
B-ROUTE	 55	 2	 6	 0.9649123	 0.90163934	 0.93220335
B-DURATION	 8	 6	 3	 0.5714286	 0.72727275	 0.64000005
B-FREQUENCY	 45	 5	 13	 0.9	 0.7758621	 0.8333333
tp: 13962 fp: 2046 fn: 2048 labels: 19
Macro-average	 prec: 0.81739235, rec: 0.8011711, f1: 0.8092005
Micro-average	 prec: 0.8721889, rec: 0.87207997, f1: 0.87213445
Quality on test dataset: 
time to finish evaluation: 7.61s
Total test loss: 133.4929	Avg test loss: 1.0853
label	 tp	 fp	 fn	 prec	 rec	 f1
B-DRUG	 178	 42	 32	 0.8090909	 0.84761906	 0.82790697
B-STRENGTH	 61	 10	 3	 0.85915494	 0.953125	 0.9037037
I-TREATMENT	 1565	 347	 147	 0.81851465	 0.9141355	 0.86368656
I-DURATION	 7	 1	 4	 0.875	 0.6363636	 0.7368421
I-PROBLEM	 2787	 235	 425	 0.9222369	 0.8676837	 0.894129
I-STRENGTH	 30	 2	 3	 0.9375	 0.90909094	 0.9230769
B-PROBLEM	 1570	 134	 313	 0.9213615	 0.8337759	 0.87538326
I-FREQUENCY	 50	 1	 14	 0.98039216	 0.78125	 0.8695652
I-TEST	 500	 88	 137	 0.8503401	 0.78492934	 0.81632656
B-TEST	 471	 63	 119	 0.8820225	 0.7983051	 0.8380783
B-TREATMENT	 977	 339	 105	 0.74240124	 0.9029575	 0.8148457
B-FORM	 9	 4	 7	 0.6923077	 0.5625	 0.62068963
B-DOSAGE	 7	 3	 8	 0.7	 0.46666667	 0.56
I-DOSAGE	 7	 3	 4	 0.7	 0.6363636	 0.6666667
I-DRUG	 8	 1	 17	 0.8888889	 0.32	 0.47058824
I-ROUTE	 7	 0	 1	 1.0	 0.875	 0.93333334
B-ROUTE	 23	 1	 8	 0.9583333	 0.7419355	 0.8363637
B-DURATION	 3	 1	 4	 0.75	 0.42857143	 0.5454545
B-FREQUENCY	 60	 1	 6	 0.9836066	 0.90909094	 0.94488186
tp: 8320 fp: 1276 fn: 1357 labels: 19
Macro-average	 prec: 0.85637635, rec: 0.74575603, f1: 0.79724735
Micro-average	 prec: 0.86702794, rec: 0.8597706, f1: 0.863384


Epoch 9/30 started, lr: 0.0028846154, dataset size: 15986


Epoch 9/30 - 82.10s - loss: 975.327 - avg training loss: 1.2252852 - batches: 796
Quality on validation dataset (20.0%), validation examples = 3197
time to finish evaluation: 27.54s
Total validation loss: 165.7035	Avg validation loss: 0.8123
label	 tp	 fp	 fn	 prec	 rec	 f1
B-DRUG	 311	 66	 47	 0.8249337	 0.8687151	 0.8462585
B-STRENGTH	 80	 10	 15	 0.8888889	 0.84210527	 0.8648648
I-TREATMENT	 2590	 426	 333	 0.8587533	 0.886076	 0.8722007
I-DURATION	 23	 10	 5	 0.6969697	 0.8214286	 0.75409836
I-PROBLEM	 4835	 515	 346	 0.9037383	 0.9332175	 0.91824144
I-STRENGTH	 47	 3	 11	 0.94	 0.8103448	 0.8703704
B-PROBLEM	 2727	 284	 287	 0.90567917	 0.9047777	 0.90522826
I-FREQUENCY	 48	 1	 10	 0.97959185	 0.82758623	 0.8971963
I-TEST	 915	 93	 224	 0.9077381	 0.80333626	 0.8523521
B-TEST	 812	 75	 155	 0.9154453	 0.8397105	 0.8759439
B-TREATMENT	 1660	 324	 250	 0.8366935	 0.8691099	 0.8525937
B-FORM	 17	 4	 8	 0.8095238	 0.68	 0.7391304
B-DOSAGE	 22	 15	 15	 0.5945946	 0.5945946	 0.5945946
I-DOSAGE	 22	 15	 9	 0.5945946	 0.7096774	 0.64705884
I-DRUG	 25	 13	 17	 0.65789473	 0.5952381	 0.625
I-ROUTE	 14	 1	 0	 0.93333334	 1.0	 0.9655172
B-ROUTE	 57	 3	 4	 0.95	 0.93442625	 0.94214875
B-DURATION	 7	 3	 4	 0.7	 0.6363636	 0.6666667
B-FREQUENCY	 50	 6	 8	 0.89285713	 0.86206895	 0.877193
tp: 14262 fp: 1867 fn: 1748 labels: 19
Macro-average	 prec: 0.83111745, rec: 0.8115146, f1: 0.8211991
Micro-average	 prec: 0.88424575, rec: 0.89081824, f1: 0.88751984
Quality on test dataset: 
time to finish evaluation: 7.55s
Total test loss: 114.5021	Avg test loss: 0.9309
label	 tp	 fp	 fn	 prec	 rec	 f1
B-DRUG	 186	 42	 24	 0.81578946	 0.8857143	 0.8493151
B-STRENGTH	 62	 8	 2	 0.8857143	 0.96875	 0.92537314
I-TREATMENT	 1560	 280	 152	 0.84782606	 0.91121495	 0.87837833
I-DURATION	 7	 1	 4	 0.875	 0.6363636	 0.7368421
I-PROBLEM	 2888	 273	 324	 0.9136349	 0.89912826	 0.9063235
I-STRENGTH	 31	 2	 2	 0.93939394	 0.93939394	 0.93939394
B-PROBLEM	 1670	 173	 213	 0.9061313	 0.88688266	 0.8964036
I-FREQUENCY	 48	 1	 16	 0.97959185	 0.75	 0.8495575
I-TEST	 509	 81	 128	 0.86271185	 0.7990581	 0.82966584
B-TEST	 476	 57	 114	 0.8930582	 0.8067797	 0.84772927
B-TREATMENT	 958	 212	 124	 0.8188034	 0.88539743	 0.8507993
B-FORM	 8	 2	 8	 0.8	 0.5	 0.61538464
B-DOSAGE	 7	 2	 8	 0.7777778	 0.46666667	 0.5833333
I-DOSAGE	 7	 2	 4	 0.7777778	 0.6363636	 0.7
I-DRUG	 12	 3	 13	 0.8	 0.48	 0.6
I-ROUTE	 7	 0	 1	 1.0	 0.875	 0.93333334
B-ROUTE	 25	 1	 6	 0.96153843	 0.8064516	 0.877193
B-DURATION	 3	 1	 4	 0.75	 0.42857143	 0.5454545
B-FREQUENCY	 62	 2	 4	 0.96875	 0.93939394	 0.9538461
tp: 8526 fp: 1143 fn: 1151 labels: 19
Macro-average	 prec: 0.87228936, rec: 0.7632174, f1: 0.81411636
Micro-average	 prec: 0.8817872, rec: 0.88105816, f1: 0.8814225


Epoch 10/30 started, lr: 0.0028708135, dataset size: 15986


Epoch 10/30 - 81.37s - loss: 931.3814 - avg training loss: 1.1700772 - batches: 796
Quality on validation dataset (20.0%), validation examples = 3197
time to finish evaluation: 27.29s
Total validation loss: 168.4681	Avg validation loss: 0.8258
label	 tp	 fp	 fn	 prec	 rec	 f1
B-DRUG	 301	 60	 57	 0.833795	 0.8407821	 0.83727396
B-STRENGTH	 76	 4	 19	 0.95	 0.8	 0.8685714
I-TREATMENT	 2577	 408	 346	 0.8633166	 0.88162845	 0.87237644
I-DURATION	 21	 11	 7	 0.65625	 0.75	 0.7
I-PROBLEM	 4817	 494	 364	 0.9069855	 0.9297433	 0.9182234
I-STRENGTH	 42	 0	 16	 1.0	 0.7241379	 0.84
B-PROBLEM	 2702	 266	 312	 0.9103774	 0.89648306	 0.9033768
I-FREQUENCY	 48	 8	 10	 0.85714287	 0.82758623	 0.84210527
I-TEST	 922	 138	 217	 0.8698113	 0.809482	 0.83856297
B-TEST	 802	 87	 165	 0.9021372	 0.8293692	 0.8642242
B-TREATMENT	 1675	 382	 235	 0.81429267	 0.8769634	 0.84446687
B-FORM	 19	 7	 6	 0.7307692	 0.76	 0.74509805
B-DOSAGE	 25	 17	 12	 0.5952381	 0.6756757	 0.6329114
I-DOSAGE	 24	 17	 7	 0.58536583	 0.7741935	 0.6666666
I-DRUG	 23	 9	 19	 0.71875	 0.54761904	 0.62162155
I-ROUTE	 14	 1	 0	 0.93333334	 1.0	 0.9655172
B-ROUTE	 57	 2	 4	 0.9661017	 0.93442625	 0.95
B-DURATION	 6	 5	 5	 0.54545456	 0.54545456	 0.54545456
B-FREQUENCY	 48	 6	 10	 0.8888889	 0.82758623	 0.8571429
tp: 14199 fp: 1922 fn: 1811 labels: 19
Macro-average	 prec: 0.8172638, rec: 0.8016385, f1: 0.80937576
Micro-average	 prec: 0.88077664, rec: 0.8868832, f1: 0.88381934
Quality on test dataset: 
time to finish evaluation: 7.70s
Total test loss: 114.3336	Avg test loss: 0.9295
label	 tp	 fp	 fn	 prec	 rec	 f1
B-DRUG	 181	 30	 29	 0.8578199	 0.86190474	 0.85985744
B-STRENGTH	 61	 5	 3	 0.92424244	 0.953125	 0.9384615
I-TREATMENT	 1542	 244	 170	 0.86338186	 0.9007009	 0.8816467
I-DURATION	 7	 1	 4	 0.875	 0.6363636	 0.7368421
I-PROBLEM	 2908	 290	 304	 0.9093183	 0.9053549	 0.90733236
I-STRENGTH	 30	 1	 3	 0.9677419	 0.90909094	 0.9375
B-PROBLEM	 1665	 162	 218	 0.91133004	 0.8842273	 0.8975742
I-FREQUENCY	 48	 2	 16	 0.96	 0.75	 0.8421052
I-TEST	 531	 84	 106	 0.86341465	 0.833595	 0.8482429
B-TEST	 481	 57	 109	 0.894052	 0.8152542	 0.85283685
B-TREATMENT	 961	 236	 121	 0.8028404	 0.88817006	 0.8433524
B-FORM	 12	 3	 4	 0.8	 0.75	 0.7741936
B-DOSAGE	 8	 3	 7	 0.72727275	 0.53333336	 0.61538464
I-DOSAGE	 8	 3	 3	 0.72727275	 0.72727275	 0.72727275
I-DRUG	 9	 2	 16	 0.8181818	 0.36	 0.5
I-ROUTE	 7	 0	 1	 1.0	 0.875	 0.93333334
B-ROUTE	 25	 1	 6	 0.96153843	 0.8064516	 0.877193
B-DURATION	 3	 1	 4	 0.75	 0.42857143	 0.5454545
B-FREQUENCY	 61	 2	 5	 0.96825397	 0.92424244	 0.94573647
tp: 8548 fp: 1127 fn: 1129 labels: 19
Macro-average	 prec: 0.872719, rec: 0.7759294, f1: 0.821483
Micro-average	 prec: 0.8835142, rec: 0.8833316, f1: 0.8834229
Early stopping: test set macro F1 has not improved for more than 5 epochs
